  b2BroadPhase.cpp
c1xx : fatal error C1083: Cannot open source file: '..\..\..\..\Box2D\Box2D\Collision\b2BroadPhase.cpp': No such file or directory
  b2CollideCircle.cpp
c1xx : fatal error C1083: Cannot open source file: '..\..\..\..\Box2D\Box2D\Collision\b2CollideCircle.cpp': No such file or directory
  b2CollideEdge.cpp
c1xx : fatal error C1083: Cannot open source file: '..\..\..\..\Box2D\Box2D\Collision\b2CollideEdge.cpp': No such file or directory
  b2CollidePolygon.cpp
c1xx : fatal error C1083: Cannot open source file: '..\..\..\..\Box2D\Box2D\Collision\b2CollidePolygon.cpp': No such file or directory
  b2Collision.cpp
c1xx : fatal error C1083: Cannot open source file: '..\..\..\..\Box2D\Box2D\Collision\b2Collision.cpp': No such file or directory
  b2Distance.cpp
c1xx : fatal error C1083: Cannot open source file: '..\..\..\..\Box2D\Box2D\Collision\b2Distance.cpp': No such file or directory
  b2DynamicTree.cpp
c1xx : fatal error C1083: Cannot open source file: '..\..\..\..\Box2D\Box2D\Collision\b2DynamicTree.cpp': No such file or directory
  b2TimeOfImpact.cpp
c1xx : fatal error C1083: Cannot open source file: '..\..\..\..\Box2D\Box2D\Collision\b2TimeOfImpact.cpp': No such file or directory
  b2ChainShape.cpp
c1xx : fatal error C1083: Cannot open source file: '..\..\..\..\Box2D\Box2D\Collision\Shapes\b2ChainShape.cpp': No such file or directory
  b2CircleShape.cpp
c1xx : fatal error C1083: Cannot open source file: '..\..\..\..\Box2D\Box2D\Collision\Shapes\b2CircleShape.cpp': No such file or directory
  b2EdgeShape.cpp
c1xx : fatal error C1083: Cannot open source file: '..\..\..\..\Box2D\Box2D\Collision\Shapes\b2EdgeShape.cpp': No such file or directory
  b2PolygonShape.cpp
c1xx : fatal error C1083: Cannot open source file: '..\..\..\..\Box2D\Box2D\Collision\Shapes\b2PolygonShape.cpp': No such file or directory
  b2BlockAllocator.cpp
c1xx : fatal error C1083: Cannot open source file: '..\..\..\..\Box2D\Box2D\Common\b2BlockAllocator.cpp': No such file or directory
  b2Draw.cpp
c1xx : fatal error C1083: Cannot open source file: '..\..\..\..\Box2D\Box2D\Common\b2Draw.cpp': No such file or directory
  b2Math.cpp
c1xx : fatal error C1083: Cannot open source file: '..\..\..\..\Box2D\Box2D\Common\b2Math.cpp': No such file or directory
  b2Settings.cpp
c1xx : fatal error C1083: Cannot open source file: '..\..\..\..\Box2D\Box2D\Common\b2Settings.cpp': No such file or directory
  b2StackAllocator.cpp
c1xx : fatal error C1083: Cannot open source file: '..\..\..\..\Box2D\Box2D\Common\b2StackAllocator.cpp': No such file or directory
  b2Timer.cpp
c1xx : fatal error C1083: Cannot open source file: '..\..\..\..\Box2D\Box2D\Common\b2Timer.cpp': No such file or directory
  b2Body.cpp
c1xx : fatal error C1083: Cannot open source file: '..\..\..\..\Box2D\Box2D\Dynamics\b2Body.cpp': No such file or directory
  b2ContactManager.cpp
c1xx : fatal error C1083: Cannot open source file: '..\..\..\..\Box2D\Box2D\Dynamics\b2ContactManager.cpp': No such file or directory
  Generating Code...
  Compiling...
  b2Fixture.cpp
c1xx : fatal error C1083: Cannot open source file: '..\..\..\..\Box2D\Box2D\Dynamics\b2Fixture.cpp': No such file or directory
  b2Island.cpp
c1xx : fatal error C1083: Cannot open source file: '..\..\..\..\Box2D\Box2D\Dynamics\b2Island.cpp': No such file or directory
  b2World.cpp
c1xx : fatal error C1083: Cannot open source file: '..\..\..\..\Box2D\Box2D\Dynamics\b2World.cpp': No such file or directory
  b2WorldCallbacks.cpp
c1xx : fatal error C1083: Cannot open source file: '..\..\..\..\Box2D\Box2D\Dynamics\b2WorldCallbacks.cpp': No such file or directory
  b2ChainAndCircleContact.cpp
c1xx : fatal error C1083: Cannot open source file: '..\..\..\..\Box2D\Box2D\Dynamics\Contacts\b2ChainAndCircleContact.cpp': No such file or directory
  b2ChainAndPolygonContact.cpp
c1xx : fatal error C1083: Cannot open source file: '..\..\..\..\Box2D\Box2D\Dynamics\Contacts\b2ChainAndPolygonContact.cpp': No such file or directory
  b2CircleContact.cpp
c1xx : fatal error C1083: Cannot open source file: '..\..\..\..\Box2D\Box2D\Dynamics\Contacts\b2CircleContact.cpp': No such file or directory
  b2Contact.cpp
c1xx : fatal error C1083: Cannot open source file: '..\..\..\..\Box2D\Box2D\Dynamics\Contacts\b2Contact.cpp': No such file or directory
  b2ContactSolver.cpp
c1xx : fatal error C1083: Cannot open source file: '..\..\..\..\Box2D\Box2D\Dynamics\Contacts\b2ContactSolver.cpp': No such file or directory
  b2EdgeAndCircleContact.cpp
c1xx : fatal error C1083: Cannot open source file: '..\..\..\..\Box2D\Box2D\Dynamics\Contacts\b2EdgeAndCircleContact.cpp': No such file or directory
  b2EdgeAndPolygonContact.cpp
c1xx : fatal error C1083: Cannot open source file: '..\..\..\..\Box2D\Box2D\Dynamics\Contacts\b2EdgeAndPolygonContact.cpp': No such file or directory
  b2PolygonAndCircleContact.cpp
c1xx : fatal error C1083: Cannot open source file: '..\..\..\..\Box2D\Box2D\Dynamics\Contacts\b2PolygonAndCircleContact.cpp': No such file or directory
  b2PolygonContact.cpp
c1xx : fatal error C1083: Cannot open source file: '..\..\..\..\Box2D\Box2D\Dynamics\Contacts\b2PolygonContact.cpp': No such file or directory
  b2DistanceJoint.cpp
c1xx : fatal error C1083: Cannot open source file: '..\..\..\..\Box2D\Box2D\Dynamics\Joints\b2DistanceJoint.cpp': No such file or directory
  b2FrictionJoint.cpp
c1xx : fatal error C1083: Cannot open source file: '..\..\..\..\Box2D\Box2D\Dynamics\Joints\b2FrictionJoint.cpp': No such file or directory
  b2GearJoint.cpp
c1xx : fatal error C1083: Cannot open source file: '..\..\..\..\Box2D\Box2D\Dynamics\Joints\b2GearJoint.cpp': No such file or directory
  b2Joint.cpp
c1xx : fatal error C1083: Cannot open source file: '..\..\..\..\Box2D\Box2D\Dynamics\Joints\b2Joint.cpp': No such file or directory
  b2MotorJoint.cpp
c1xx : fatal error C1083: Cannot open source file: '..\..\..\..\Box2D\Box2D\Dynamics\Joints\b2MotorJoint.cpp': No such file or directory
  b2MouseJoint.cpp
c1xx : fatal error C1083: Cannot open source file: '..\..\..\..\Box2D\Box2D\Dynamics\Joints\b2MouseJoint.cpp': No such file or directory
  b2PrismaticJoint.cpp
c1xx : fatal error C1083: Cannot open source file: '..\..\..\..\Box2D\Box2D\Dynamics\Joints\b2PrismaticJoint.cpp': No such file or directory
  Generating Code...
  Compiling...
  b2PulleyJoint.cpp
c1xx : fatal error C1083: Cannot open source file: '..\..\..\..\Box2D\Box2D\Dynamics\Joints\b2PulleyJoint.cpp': No such file or directory
  b2RevoluteJoint.cpp
c1xx : fatal error C1083: Cannot open source file: '..\..\..\..\Box2D\Box2D\Dynamics\Joints\b2RevoluteJoint.cpp': No such file or directory
  b2RopeJoint.cpp
c1xx : fatal error C1083: Cannot open source file: '..\..\..\..\Box2D\Box2D\Dynamics\Joints\b2RopeJoint.cpp': No such file or directory
  b2WeldJoint.cpp
c1xx : fatal error C1083: Cannot open source file: '..\..\..\..\Box2D\Box2D\Dynamics\Joints\b2WeldJoint.cpp': No such file or directory
  b2WheelJoint.cpp
c1xx : fatal error C1083: Cannot open source file: '..\..\..\..\Box2D\Box2D\Dynamics\Joints\b2WheelJoint.cpp': No such file or directory
  b2Rope.cpp
c1xx : fatal error C1083: Cannot open source file: '..\..\..\..\Box2D\Box2D\Rope\b2Rope.cpp': No such file or directory
  Generating Code...
